<?xml version="1.0" encoding="UTF-8"?>
<testng-results ignored="0" total="1" passed="1" failed="0" skipped="0">
  <reporter-output>
  </reporter-output>
  <suite started-at="2022-06-30T23:11:21 EDT" name="Opencart" finished-at="2022-06-30T23:11:42 EDT" duration-ms="21205">
    <groups>
    </groups>
    <test started-at="2022-06-30T23:11:21 EDT" name="chromeTest" finished-at="2022-06-30T23:11:42 EDT" duration-ms="21205">
      <class name="testCases.TC_001_AccountRegistration">
        <test-method is-config="true" signature="setup(java.lang.String)[pri:0, instance:testCases.TC_001_AccountRegistration@245b4bdc]" started-at="2022-06-30T23:11:22 EDT" name="setup" finished-at="2022-06-30T23:11:31 EDT" duration-ms="8545" status="PASS">
          <params>
            <param index="0">
              <value>
                <![CDATA[chrome]]>
              </value>
            </param>
          </params>
          <reporter-output>
          </reporter-output>
        </test-method> <!-- setup -->
        <test-method signature="test_account_registration()[pri:1, instance:testCases.TC_001_AccountRegistration@245b4bdc]" started-at="2022-06-30T23:11:31 EDT" name="test_account_registration" finished-at="2022-06-30T23:11:42 EDT" duration-ms="10876" status="PASS">
          <reporter-output>
          </reporter-output>
        </test-method> <!-- test_account_registration -->
        <test-method is-config="true" signature="tearDown()[pri:0, instance:testCases.TC_001_AccountRegistration@245b4bdc]" started-at="2022-06-30T23:11:42 EDT" name="tearDown" finished-at="2022-06-30T23:11:42 EDT" duration-ms="279" status="PASS">
          <reporter-output>
          </reporter-output>
        </test-method> <!-- tearDown -->
      </class> <!-- testCases.TC_001_AccountRegistration -->
    </test> <!-- chromeTest -->
  </suite> <!-- Opencart -->
</testng-results>
